


ARM Macro Assembler    Page 1 


    1 00000000         ; Transfer 10 32-bit nos from one memory to other (non-o
                       verlapping)
    2 00000000         
    3 00000000                 AREA             RESET, DATA, READONLY
    4 00000000                 EXPORT           __Vectors
    5 00000000         
    6 00000000         __Vectors
    7 00000000 10001000        DCD              0x10001000
    8 00000004 00000000        DCD              Reset_Handler
    9 00000008                 ALIGN
   10 00000008                 AREA             mycode, CODE, READONLY
   11 00000000                 ENTRY
   12 00000000                 EXPORT           Reset_Handler
   13 00000000         
   14 00000000         Reset_Handler
   15 00000000 F04F 030A       MOV              R3, #10
   16 00000004 4A0E            LDR              R2, =DST
   17 00000006 480F            LDR              R0, =N
   18 00000008         
   19 00000008         BACK
   20 00000008         ; LOOP CODE
   21 00000008 F850 1B04       LDR              R1, [R0], #4
   22 0000000C F842 1B04       STR              R1, [R2], #4
   23 00000010 3B01            SUBS             R3, #1
   24 00000012         ; WHEN R3 = 0, THEN 0 FLAG(XPSR) = 0
   25 00000012         ; B MEANS BRANCH
   26 00000012         ; BNE MEANS IT CHECKS WHETHER 0 FLAG IN XPSR IS 1 OR NOT
                       
   27 00000012         ; SEE uVISION HELP CLICK ON ARM INSTRUCTION CLICK B YOU 
                       WILL SEE NE ALSO
   28 00000012 D1F9            BNE              BACK
   29 00000014         
   30 00000014         STOP
   31 00000014 E7FE            B                STOP
   32 00000016         
   33 00000016 00 00 1C2E34D7 
              A13B4EF8 
              D32E54A6 
              543A5EBC 
              ABED2A4E 
              24141245 
              E196DA4C 
              9324EAC2 
              654ECD2A 
              ABCDDEAF N       DCD              0x1C2E34D7, 0xA13B4EF8, 0xD32E5
4A6, 0x543A5EBC, 0xABED2A4E, 0x24141245, 0xE196DA4C, 0x9324EAC2, 0x654ECD2A, 0x
ABCDDEAF
   34 00000040 00000000 
              00000000         AREA             mydata, DATA, READWRITE
   35 00000000         ; ALWAYS RESERVE RQUIRED NUMBER OF MEMORY SPACE AND THEN
                        USE IT
   36 00000000         
   37 00000000 00000000 
              00000000 
              00000000 
              00000000 
              00000000 
              00000000 
              00000000 



ARM Macro Assembler    Page 2 


              00000000 
              00000000 
              00000000 DST     DCD              0, 0, 0, 0, 0, 0, 0, 0, 0, 0 ;R
                                                            ESERVING THE SPACE 
                                                            FOR 10 0'S(FOR 10 V
                                                            ALUE STORING)
   38 00000028                 END
Command Line: --debug --xref --cpu=Cortex-M3 --apcs=interwork --depend=.\q1_a.d
 -o.\q1_a.o -IC:\Keil\ARM\RV31\INC -IC:\Keil\ARM\CMSIS\Include -IC:\Keil\ARM\In
c\NXP\LPC17xx --predefine="__EVAL SETA 1" --list=.\q1_a.lst ..\Lab_2\q1_a.asm



ARM Macro Assembler    Page 1 Alphabetic symbol ordering
Relocatable symbols

RESET 00000000

Symbol: RESET
   Definitions
      At line 3 in file ..\Lab_2\q1_a.asm
   Uses
      None
Comment: RESET unused
__Vectors 00000000

Symbol: __Vectors
   Definitions
      At line 6 in file ..\Lab_2\q1_a.asm
   Uses
      At line 4 in file ..\Lab_2\q1_a.asm
Comment: __Vectors used once
2 symbols



ARM Macro Assembler    Page 1 Alphabetic symbol ordering
Relocatable symbols

BACK 00000008

Symbol: BACK
   Definitions
      At line 19 in file ..\Lab_2\q1_a.asm
   Uses
      At line 28 in file ..\Lab_2\q1_a.asm
Comment: BACK used once
N 00000018

Symbol: N
   Definitions
      At line 33 in file ..\Lab_2\q1_a.asm
   Uses
      At line 17 in file ..\Lab_2\q1_a.asm
Comment: N used once
Reset_Handler 00000000

Symbol: Reset_Handler
   Definitions
      At line 14 in file ..\Lab_2\q1_a.asm
   Uses
      At line 8 in file ..\Lab_2\q1_a.asm
      At line 12 in file ..\Lab_2\q1_a.asm

STOP 00000014

Symbol: STOP
   Definitions
      At line 30 in file ..\Lab_2\q1_a.asm
   Uses
      At line 31 in file ..\Lab_2\q1_a.asm
Comment: STOP used once
mycode 00000000

Symbol: mycode
   Definitions
      At line 10 in file ..\Lab_2\q1_a.asm
   Uses
      None
Comment: mycode unused
5 symbols



ARM Macro Assembler    Page 1 Alphabetic symbol ordering
Relocatable symbols

DST 00000000

Symbol: DST
   Definitions
      At line 37 in file ..\Lab_2\q1_a.asm
   Uses
      At line 16 in file ..\Lab_2\q1_a.asm
Comment: DST used once
mydata 00000000

Symbol: mydata
   Definitions
      At line 34 in file ..\Lab_2\q1_a.asm
   Uses
      None
Comment: mydata unused
2 symbols
342 symbols in table
