


ARM Macro Assembler    Page 1 


    1 00000000         ; 2-digit BCD to Hexadecimal converter
    2 00000000         
    3 00000000                 AREA             RESET, DATA, READONLY
    4 00000000                 EXPORT           __Vectors
    5 00000000         
    6 00000000         __Vectors
    7 00000000 10001000        DCD              0x10001000
    8 00000004 00000000        DCD              Reset_Handler
    9 00000008                 ALIGN
   10 00000008                 AREA             mycode, CODE, READONLY
   11 00000000                 ENTRY
   12 00000000                 EXPORT           Reset_Handler
   13 00000000         
   14 00000000         Reset_Handler
   15 00000000 4808            LDR              R0, =N
   16 00000002 4D09            LDR              R5, =HEX
   17 00000004 6801            LDR              R1, [R0]
   18 00000006         
   19 00000006 F001 020F       AND              R2, R1, #0x0F ; extract LSB usi
                                                            ng bitwise &
   20 0000000A EA4F 1111       LSR              R1, R1, #4  ; feels like an irr
                                                            elevant step in hin
                                                            dsight
   21 0000000E F001 040F       AND              R4, R1, #0x0F
   22 00000012 F04F 060A       MOV              R6, #0x0A   ; storing 10 in R6 
                                                            to be multiplied at
                                                             tens place
   23 00000016 FB04 2306       MLA              R3, R4, R6, R2 ; R3=(R4×R6)+R2
   24 0000001A 602B            STR              R3, [R5]    ; final value store
                                                            d in hex that was c
                                                            alculated as a deci
                                                            mal in the step abo
                                                            ve
   25 0000001C         
   26 0000001C         STOP
   27 0000001C E7FE            B                STOP
   28 0000001E         
   29 0000001E 00 00 00000087 
                       N       DCD              0x87
   30 00000024 00000000 
              00000000         AREA             mydata, DATA, READWRITE
   31 00000000         
   32 00000000 00000000 
                       HEX     DCD              0
   33 00000004                 END
Command Line: --debug --xref --cpu=Cortex-M3 --apcs=interwork --depend=.\q2.d -
o.\q2.o -IC:\Keil\ARM\RV31\INC -IC:\Keil\ARM\CMSIS\Include -IC:\Keil\ARM\Inc\NX
P\LPC17xx --predefine="__EVAL SETA 1" --list=.\q2.lst ..\Lab_4\q2.asm



ARM Macro Assembler    Page 1 Alphabetic symbol ordering
Relocatable symbols

RESET 00000000

Symbol: RESET
   Definitions
      At line 3 in file ..\Lab_4\q2.asm
   Uses
      None
Comment: RESET unused
__Vectors 00000000

Symbol: __Vectors
   Definitions
      At line 6 in file ..\Lab_4\q2.asm
   Uses
      At line 4 in file ..\Lab_4\q2.asm
Comment: __Vectors used once
2 symbols



ARM Macro Assembler    Page 1 Alphabetic symbol ordering
Relocatable symbols

N 00000020

Symbol: N
   Definitions
      At line 29 in file ..\Lab_4\q2.asm
   Uses
      At line 15 in file ..\Lab_4\q2.asm
Comment: N used once
Reset_Handler 00000000

Symbol: Reset_Handler
   Definitions
      At line 14 in file ..\Lab_4\q2.asm
   Uses
      At line 8 in file ..\Lab_4\q2.asm
      At line 12 in file ..\Lab_4\q2.asm

STOP 0000001C

Symbol: STOP
   Definitions
      At line 26 in file ..\Lab_4\q2.asm
   Uses
      At line 27 in file ..\Lab_4\q2.asm
Comment: STOP used once
mycode 00000000

Symbol: mycode
   Definitions
      At line 10 in file ..\Lab_4\q2.asm
   Uses
      None
Comment: mycode unused
4 symbols



ARM Macro Assembler    Page 1 Alphabetic symbol ordering
Relocatable symbols

HEX 00000000

Symbol: HEX
   Definitions
      At line 32 in file ..\Lab_4\q2.asm
   Uses
      At line 16 in file ..\Lab_4\q2.asm
Comment: HEX used once
mydata 00000000

Symbol: mydata
   Definitions
      At line 30 in file ..\Lab_4\q2.asm
   Uses
      None
Comment: mydata unused
2 symbols
341 symbols in table
